{"timestamp": "2026-03-24T19:41:12.045916", "target": "backend/main.py", "action": "PERMITTED", "detail": ""}
{"timestamp": "2026-03-24T19:41:12.046616", "target": "backend/requirements.txt", "action": "PERMITTED", "detail": ""}
{"timestamp": "2026-03-24T19:41:12.046835", "target": "frontend/index.html", "action": "PERMITTED", "detail": ""}
{"timestamp": "2026-03-24T19:41:12.046973", "target": "frontend/src/main.js", "action": "PERMITTED", "detail": ""}
{"timestamp": "2026-03-24T19:41:12.047096", "target": "frontend/src/App.vue", "action": "PERMITTED", "detail": ""}
{"timestamp": "2026-03-24T19:41:12.047211", "target": "frontend/package.json", "action": "PERMITTED", "detail": ""}
{"timestamp": "2026-03-24T19:41:12.047320", "target": "frontend/postcss.config.js", "action": "PERMITTED", "detail": ""}
{"timestamp": "2026-03-24T19:41:12.047418", "target": "frontend/tailwind.config.js", "action": "PERMITTED", "detail": ""}
{"timestamp": "2026-03-24T19:41:12.047514", "target": "frontend/style.css", "action": "PERMITTED", "detail": ""}
{"timestamp": "2026-03-24T19:41:12.047611", "target": "frontend/vite.config.js", "action": "PERMITTED", "detail": ""}
{"timestamp": "2026-03-24T19:41:12.047930", "target": ".env", "action": "DENIED", "detail": "BLOCKED_PATH"}
{"timestamp": "2026-03-24T19:41:12.048040", "target": "Procfile", "action": "PERMITTED", "detail": ""}
{"timestamp": "2026-03-24T19:41:12.048148", "target": "frontend/.env", "action": "DENIED", "detail": "BLOCKED_PATH"}
{"timestamp": "2026-03-24T19:41:12.048267", "target": "railway.json", "action": "PERMITTED", "detail": ""}
{"timestamp": "2026-03-24T19:41:12.048372", "target": "devcontainer.json", "action": "PERMITTED", "detail": ""}
{"timestamp": "2026-03-24T19:41:24.339022", "target": "backend/models.py", "action": "PERMITTED", "detail": ""}
{"timestamp": "2026-03-24T19:41:24.340562", "target": "backend/auth.py", "action": "PERMITTED", "detail": ""}
{"timestamp": "2026-03-24T19:41:24.340789", "target": "backend/.env.example", "action": "PERMITTED", "detail": ""}
{"timestamp": "2026-03-24T19:41:24.340941", "target": "backend/main.py", "action": "PERMITTED", "detail": ""}
{"timestamp": "2026-03-24T19:41:37.892423", "target": "backend/tasks.py", "action": "PERMITTED", "detail": ""}
{"timestamp": "2026-03-24T19:41:37.893997", "target": "backend/main.py", "action": "PERMITTED", "detail": ""}
{"timestamp": "2026-03-24T19:41:37.894249", "target": "backend/.env.example", "action": "PERMITTED", "detail": ""}
{"timestamp": "2026-03-24T19:42:01.002884", "target": "backend/routes.py", "action": "PERMITTED", "detail": ""}
{"timestamp": "2026-03-24T19:42:10.860483", "target": "frontend/src/components/Dashboard.jsx", "action": "PERMITTED", "detail": ""}
{"timestamp": "2026-03-24T19:42:10.860882", "target": "frontend/src/components/TaskForm.jsx", "action": "PERMITTED", "detail": ""}
{"timestamp": "2026-03-24T19:42:10.861143", "target": "frontend/src/components/TaskList.jsx", "action": "PERMITTED", "detail": ""}
{"timestamp": "2026-03-24T19:42:10.861370", "target": "frontend/src/App.jsx", "action": "PERMITTED", "detail": ""}
{"timestamp": "2026-03-24T19:42:27.195423", "target": "frontend/.env.example", "action": "PERMITTED", "detail": ""}
{"timestamp": "2026-03-24T19:42:27.196683", "target": "frontend/.env", "action": "DENIED", "detail": "BLOCKED_PATH"}
{"timestamp": "2026-03-24T19:42:27.196915", "target": "frontend/vite.config.js", "action": "PERMITTED", "detail": ""}
{"timestamp": "2026-03-24T19:42:27.197067", "target": "frontend/src/api.js", "action": "PERMITTED", "detail": ""}
{"timestamp": "2026-03-24T19:42:27.197191", "target": "frontend/src/components/Dashboard.js", "action": "PERMITTED", "detail": ""}
{"timestamp": "2026-03-24T19:42:27.197314", "target": "frontend/src/components/TaskForm.js", "action": "PERMITTED", "detail": ""}
{"timestamp": "2026-03-24T19:42:27.197438", "target": "frontend/src/components/TaskList.js", "action": "PERMITTED", "detail": ""}
